<?xml version="1.0" encoding="UTF-8" standalone="no"?>
<!DOCTYPE log SYSTEM "logger.dtd">
<log>
<record>
  <date>2024-12-06T14:06:53.818533400Z</date>
  <millis>1733494013818</millis>
  <nanos>533400</nanos>
  <sequence>1</sequence>
  <level>START</level>
  <class>com.kms.katalon.core.logging.XmlKeywordLogger</class>
  <method>startSuite</method>
  <thread>1</thread>
  <message>Start Test Suite : Test Suites/Tambah Data Karyawan</message>
  <nestedLevel>0</nestedLevel>
  <escapedJava>false</escapedJava>
  <property name="rerunTestFailImmediately">false</property>
  <property name="retryCount">0</property>
  <property name="name">Tambah Data Karyawan</property>
  <property name="description"></property>
  <property name="id">Test Suites/Tambah Data Karyawan</property>
</record>
<record>
  <date>2024-12-06T14:06:53.921373500Z</date>
  <millis>1733494013921</millis>
  <nanos>373500</nanos>
  <sequence>3</sequence>
  <level>RUN_DATA</level>
  <class>com.kms.katalon.core.logging.XmlKeywordLogger</class>
  <method>logMessage</method>
  <thread>1</thread>
  <message>hostName = rafki - Tester</message>
  <nestedLevel>0</nestedLevel>
  <escapedJava>false</escapedJava>
  <property name="hostName">rafki - Tester</property>
</record>
<record>
  <date>2024-12-06T14:06:53.954273Z</date>
  <millis>1733494013954</millis>
  <nanos>273000</nanos>
  <sequence>5</sequence>
  <level>RUN_DATA</level>
  <class>com.kms.katalon.core.logging.XmlKeywordLogger</class>
  <method>logMessage</method>
  <thread>1</thread>
  <message>os = Windows 11 64bit</message>
  <nestedLevel>0</nestedLevel>
  <escapedJava>false</escapedJava>
  <property name="os">Windows 11 64bit</property>
</record>
<record>
  <date>2024-12-06T14:06:53.980076700Z</date>
  <millis>1733494013980</millis>
  <nanos>76700</nanos>
  <sequence>7</sequence>
  <level>RUN_DATA</level>
  <class>com.kms.katalon.core.logging.XmlKeywordLogger</class>
  <method>logMessage</method>
  <thread>1</thread>
  <message>hostAddress = 169.254.64.136</message>
  <nestedLevel>0</nestedLevel>
  <escapedJava>false</escapedJava>
  <property name="hostAddress">169.254.64.136</property>
</record>
<record>
  <date>2024-12-06T14:06:54.014236100Z</date>
  <millis>1733494014014</millis>
  <nanos>236100</nanos>
  <sequence>9</sequence>
  <level>RUN_DATA</level>
  <class>com.kms.katalon.core.logging.XmlKeywordLogger</class>
  <method>logMessage</method>
  <thread>1</thread>
  <message>katalonVersion = 10.0.0.223</message>
  <nestedLevel>0</nestedLevel>
  <escapedJava>false</escapedJava>
  <property name="katalonVersion">10.0.0.223</property>
</record>
<record>
  <date>2024-12-06T14:06:54.690218200Z</date>
  <millis>1733494014690</millis>
  <nanos>218200</nanos>
  <sequence>12</sequence>
  <level>START</level>
  <class>com.kms.katalon.core.logging.XmlKeywordLogger</class>
  <method>startTest</method>
  <thread>1</thread>
  <message>Start Test Case : Test Cases/Tambah Data Karyawan/TC 010 Membuka fitur PIM</message>
  <nestedLevel>1</nestedLevel>
  <escapedJava>false</escapedJava>
  <property name="name">Test Cases/Tambah Data Karyawan/TC 010 Membuka fitur PIM</property>
  <property name="description"></property>
  <property name="iteration"></property>
  <property name="id">Test Cases/Tambah Data Karyawan/TC 010 Membuka fitur PIM</property>
  <property name="source">C:\Users\rafki\git\automationTest\Test Cases\Tambah Data Karyawan\TC 010 Membuka fitur PIM.tc</property>
  <property name="tag"></property>
  <property name="isOptional">false</property>
</record>
<record>
  <date>2024-12-06T14:06:55.883576700Z</date>
  <millis>1733494015883</millis>
  <nanos>576700</nanos>
  <sequence>14</sequence>
  <level>START</level>
  <class>com.kms.katalon.core.logging.XmlKeywordLogger</class>
  <method>startKeyword</method>
  <thread>1</thread>
  <message>Start action : callTestCase(findTestCase(&amp;quot;Login Website/TC 003 Login berhasil&amp;quot;), [:], STOP_ON_FAILURE)</message>
  <nestedLevel>1</nestedLevel>
  <escapedJava>false</escapedJava>
  <property name="startLine">20</property>
  <property name="stepIndex">1</property>
</record>
<record>
  <date>2024-12-06T14:06:56.674309900Z</date>
  <millis>1733494016674</millis>
  <nanos>309900</nanos>
  <sequence>19</sequence>
  <level>START</level>
  <class>com.kms.katalon.core.logging.XmlKeywordLogger</class>
  <method>startTest</method>
  <thread>1</thread>
  <message>Start Test Case : Test Cases/Login Website/TC 003 Login berhasil</message>
  <nestedLevel>2</nestedLevel>
  <escapedJava>false</escapedJava>
  <property name="name">Test Cases/Login Website/TC 003 Login berhasil</property>
  <property name="description"></property>
  <property name="iteration"></property>
  <property name="id">Test Cases/Login Website/TC 003 Login berhasil</property>
  <property name="source">C:\Users\rafki\git\automationTest\Test Cases\Login Website\TC 003 Login berhasil.tc</property>
  <property name="tag"></property>
  <property name="isOptional">false</property>
</record>
<record>
  <date>2024-12-06T14:06:57.259430100Z</date>
  <millis>1733494017259</millis>
  <nanos>430100</nanos>
  <sequence>21</sequence>
  <level>START</level>
  <class>com.kms.katalon.core.logging.XmlKeywordLogger</class>
  <method>startKeyword</method>
  <thread>1</thread>
  <message>Start action : callTestCase(findTestCase(&amp;quot;Open Website/TC 001 Link website benar&amp;quot;), [:], STOP_ON_FAILURE)</message>
  <nestedLevel>1</nestedLevel>
  <escapedJava>false</escapedJava>
  <property name="startLine">20</property>
  <property name="stepIndex">1</property>
</record>
<record>
  <date>2024-12-06T14:06:57.467734700Z</date>
  <millis>1733494017467</millis>
  <nanos>734700</nanos>
  <sequence>26</sequence>
  <level>START</level>
  <class>com.kms.katalon.core.logging.XmlKeywordLogger</class>
  <method>startTest</method>
  <thread>1</thread>
  <message>Start Test Case : Test Cases/Open Website/TC 001 Link website benar</message>
  <nestedLevel>3</nestedLevel>
  <escapedJava>false</escapedJava>
  <property name="name">Test Cases/Open Website/TC 001 Link website benar</property>
  <property name="description"></property>
  <property name="iteration"></property>
  <property name="id">Test Cases/Open Website/TC 001 Link website benar</property>
  <property name="source">C:\Users\rafki\git\automationTest\Test Cases\Open Website\TC 001 Link website benar.tc</property>
  <property name="tag"></property>
  <property name="isOptional">false</property>
</record>
<record>
  <date>2024-12-06T14:06:57.895389400Z</date>
  <millis>1733494017895</millis>
  <nanos>389400</nanos>
  <sequence>28</sequence>
  <level>START</level>
  <class>com.kms.katalon.core.logging.XmlKeywordLogger</class>
  <method>startKeyword</method>
  <thread>1</thread>
  <message>Start action : openBrowser(&amp;quot;https://opensource-demo.orangehrmlive.com/web/index.php/&amp;quot;)</message>
  <nestedLevel>1</nestedLevel>
  <escapedJava>false</escapedJava>
  <property name="startLine">20</property>
  <property name="stepIndex">1</property>
</record>
</log>